<?xml version="1.0" encoding="UTF-8"?>
<!-- Generated by org.testng.reporters.JUnitXMLReporter -->
<testsuite hostname="Venu-HP" ignored="0" name="Default test" tests="3" failures="0" timestamp="20 Nov 2018 08:12:42 GMT" time="71.786" errors="0">
  <testcase name="testFacebook" time="4.825" classname="TestNGbasics.dataprovider"/>
  <testcase name="testFacebook" time="4.414" classname="TestNGbasics.dataprovider"/>
  <testcase name="testFacebook" time="5.025" classname="TestNGbasics.dataprovider"/>
</testsuite> <!-- Default test -->
