<?xml version="1.0" encoding="UTF-8"?>
<!-- Generated by org.testng.reporters.JUnitXMLReporter -->
<testsuite hostname="Venu-HP" ignored="3" name="Test" tests="2" failures="0" timestamp="20 Nov 2018 07:44:31 GMT" time="24.801" errors="0">
  <testcase name="getTiltle" time="0.044" classname="TestNGbasics.grouping"/>
  <testcase name="testcase3" time="0.008" classname="TestNGbasics.grouping"/>
  <testcase name="testCase1" time="0.0" classname="TestNGbasics.grouping">
    <ignored/>
  </testcase> <!-- testCase1 -->
  <testcase name="testCase2" time="0.0" classname="TestNGbasics.grouping">
    <ignored/>
  </testcase> <!-- testCase2 -->
  <testcase name="getUrl" time="0.0" classname="TestNGbasics.grouping">
    <ignored/>
  </testcase> <!-- getUrl -->
</testsuite> <!-- Test -->
